[    0.000000] Initializing cgroup subsys cpuset
[    0.000000] Initializing cgroup subsys cpu
[    0.000000] Initializing cgroup subsys cpuacct
[    0.000000] Linux version 4.4.0-97-generic (buildd@lcy01-33) (gcc version 5.4.0 20160609 (Ubuntu 5.4.0-6ubuntu1~16.04.4) ) #120-Ubuntu SMP Tue Sep 19 17:28:18 UTC 2017 (Ubuntu 4.4.0-97.120-generic 4.4.87)
[    0.000000] Command line: BOOT_IMAGE=/boot/vmlinuz-4.4.0-97-generic root=LABEL=cloudimg-rootfs ro console=tty1 console=ttyS0
[    0.000000] KERNEL supported cpus:
[    0.000000]   Intel GenuineIntel
[    0.000000]   AMD AuthenticAMD
[    0.000000]   Centaur CentaurHauls
[    0.000000] x86/fpu: xstate_offset[2]:  576, xstate_sizes[2]:  256
[    0.000000] x86/fpu: Supporting XSAVE feature 0x01: 'x87 floating point registers'
[    0.000000] x86/fpu: Supporting XSAVE feature 0x02: 'SSE registers'
[    0.000000] x86/fpu: Supporting XSAVE feature 0x04: 'AVX registers'
[    0.000000] x86/fpu: Enabled xstate features 0x7, context size is 832 bytes, using 'standard' format.
[    0.000000] x86/fpu: Using 'lazy' FPU context switches.
[    0.000000] e820: BIOS-provided physical RAM map:
[    0.000000] BIOS-e820: [mem 0x0000000000000000-0x000000000009fbff] usable
[    0.000000] BIOS-e820: [mem 0x000000000009fc00-0x000000000009ffff] reserved
[    0.000000] BIOS-e820: [mem 0x00000000000f0000-0x00000000000fffff] reserved
[    0.000000] BIOS-e820: [mem 0x0000000000100000-0x000000003ffeffff] usable
[    0.000000] BIOS-e820: [mem 0x000000003fff0000-0x000000003fffffff] ACPI data
[    0.000000] BIOS-e820: [mem 0x00000000fffc0000-0x00000000ffffffff] reserved
[    0.000000] NX (Execute Disable) protection: active
[    0.000000] SMBIOS 2.5 present.
[    0.000000] Hypervisor detected: KVM
[    0.000000] e820: last_pfn = 0x3fff0 max_arch_pfn = 0x400000000
[    0.000000] MTRR: Disabled
[    0.000000] x86/PAT: MTRRs disabled, skipping PAT initialization too.
[    0.000000] CPU MTRRs all blank - virtualized system.
[    0.000000] x86/PAT: Configuration [0-7]: WB  WT  UC- UC  WB  WT  UC- UC  
[    0.000000] found SMP MP-table at [mem 0x0009fff0-0x0009ffff] mapped at [ffff88000009fff0]
[    0.000000] Scanning 1 areas for low memory corruption
[    0.000000] RAMDISK: [mem 0x36adc000-0x37565fff]
[    0.000000] ACPI: Early table checksum verification disabled
[    0.000000] ACPI: RSDP 0x00000000000E0000 000024 (v02 VBOX  )
[    0.000000] ACPI: XSDT 0x000000003FFF0030 00003C (v01 VBOX   VBOXXSDT 00000001 ASL  00000061)
[    0.000000] ACPI: FACP 0x000000003FFF00F0 0000F4 (v04 VBOX   VBOXFACP 00000001 ASL  00000061)
[    0.000000] ACPI: DSDT 0x000000003FFF0470 002118 (v01 VBOX   VBOXBIOS 00000002 INTL 20160108)
[    0.000000] ACPI: FACS 0x000000003FFF0200 000040
[    0.000000] ACPI: FACS 0x000000003FFF0200 000040
[    0.000000] ACPI: APIC 0x000000003FFF0240 00005C (v02 VBOX   VBOXAPIC 00000001 ASL  00000061)
[    0.000000] ACPI: SSDT 0x000000003FFF02A0 0001CC (v01 VBOX   VBOXCPUT 00000002 INTL 20160108)
[    0.000000] No NUMA configuration found
[    0.000000] Faking a node at [mem 0x0000000000000000-0x000000003ffeffff]
[    0.000000] NODE_DATA(0) allocated [mem 0x3ffeb000-0x3ffeffff]
[    0.000000] kvm-clock: Using msrs 4b564d01 and 4b564d00
[    0.000000] kvm-clock: cpu 0, msr 0:3ffe3001, primary cpu clock
[    0.000000] kvm-clock: using sched offset of 3180247964 cycles
[    0.000000] clocksource: kvm-clock: mask: 0xffffffffffffffff max_cycles: 0x1cd42e4dffb, max_idle_ns: 881590591483 ns
[    0.000000] Zone ranges:
[    0.000000]   DMA      [mem 0x0000000000001000-0x0000000000ffffff]
[    0.000000]   DMA32    [mem 0x0000000001000000-0x000000003ffeffff]
[    0.000000]   Normal   empty
[    0.000000]   Device   empty
[    0.000000] Movable zone start for each node
[    0.000000] Early memory node ranges
[    0.000000]   node   0: [mem 0x0000000000001000-0x000000000009efff]
[    0.000000]   node   0: [mem 0x0000000000100000-0x000000003ffeffff]
[    0.000000] Initmem setup node 0 [mem 0x0000000000001000-0x000000003ffeffff]
[    0.000000] ACPI: PM-Timer IO Port: 0x4008
[    0.000000] IOAPIC[0]: apic_id 2, version 17, address 0xfec00000, GSI 0-23
[    0.000000] ACPI: INT_SRC_OVR (bus 0 bus_irq 0 global_irq 2 dfl dfl)
[    0.000000] ACPI: INT_SRC_OVR (bus 0 bus_irq 9 global_irq 9 high level)
[    0.000000] Using ACPI (MADT) for SMP configuration information
[    0.000000] smpboot: Allowing 2 CPUs, 0 hotplug CPUs
[    0.000000] PM: Registered nosave memory: [mem 0x00000000-0x00000fff]
[    0.000000] PM: Registered nosave memory: [mem 0x0009f000-0x0009ffff]
[    0.000000] PM: Registered nosave memory: [mem 0x000a0000-0x000effff]
[    0.000000] PM: Registered nosave memory: [mem 0x000f0000-0x000fffff]
[    0.000000] e820: [mem 0x40000000-0xfffbffff] available for PCI devices
[    0.000000] Booting paravirtualized kernel on KVM
[    0.000000] clocksource: refined-jiffies: mask: 0xffffffff max_cycles: 0xffffffff, max_idle_ns: 7645519600211568 ns
[    0.000000] setup_percpu: NR_CPUS:512 nr_cpumask_bits:512 nr_cpu_ids:2 nr_node_ids:1
[    0.000000] PERCPU: Embedded 34 pages/cpu @ffff88003fc00000 s98328 r8192 d32744 u1048576
[    0.000000] PV qspinlock hash table entries: 256 (order: 0, 4096 bytes)
[    0.000000] Built 1 zonelists in Node order, mobility grouping on.  Total pages: 257913
[    0.000000] Policy zone: DMA32
[    0.000000] Kernel command line: BOOT_IMAGE=/boot/vmlinuz-4.4.0-97-generic root=LABEL=cloudimg-rootfs ro console=tty1 console=ttyS0
[    0.000000] PID hash table entries: 4096 (order: 3, 32768 bytes)
[    0.000000] Memory: 1001772K/1048120K available (8480K kernel code, 1294K rwdata, 3984K rodata, 1492K init, 1316K bss, 46348K reserved, 0K cma-reserved)
[    0.000000] SLUB: HWalign=64, Order=0-3, MinObjects=0, CPUs=2, Nodes=1
[    0.000000] Hierarchical RCU implementation.
[    0.000000] 	Build-time adjustment of leaf fanout to 64.
[    0.000000] 	RCU restricting CPUs from NR_CPUS=512 to nr_cpu_ids=2.
[    0.000000] RCU: Adjusting geometry for rcu_fanout_leaf=64, nr_cpu_ids=2
[    0.000000] NR_IRQS:33024 nr_irqs:440 16
[    0.000000] Console: colour VGA+ 80x25
[    0.000000] console [tty1] enabled
[    0.000000] console [ttyS0] enabled
[    0.000000] tsc: Detected 3192.680 MHz processor
[    0.110047] Calibrating delay loop (skipped) preset value.. 6385.36 BogoMIPS (lpj=12770720)
[    0.111420] pid_max: default: 32768 minimum: 301
[    0.112150] ACPI: Core revision 20150930
[    0.113569] ACPI: 2 ACPI AML tables successfully acquired and loaded
[    0.114626] Security Framework initialized
[    0.115293] Yama: becoming mindful.
[    0.115902] AppArmor: AppArmor initialized
[    0.116628] Dentry cache hash table entries: 131072 (order: 8, 1048576 bytes)
[    0.117814] Inode-cache hash table entries: 65536 (order: 7, 524288 bytes)
[    0.119175] Mount-cache hash table entries: 2048 (order: 2, 16384 bytes)
[    0.120141] Mountpoint-cache hash table entries: 2048 (order: 2, 16384 bytes)
[    0.121319] Initializing cgroup subsys io
[    0.121983] Initializing cgroup subsys memory
[    0.122684] Initializing cgroup subsys devices
[    0.123392] Initializing cgroup subsys freezer
[    0.124099] Initializing cgroup subsys net_cls
[    0.124805] Initializing cgroup subsys perf_event
[    0.125564] Initializing cgroup subsys net_prio
[    0.126280] Initializing cgroup subsys hugetlb
[    0.126990] Initializing cgroup subsys pids
[    0.127726] CPU: Physical Processor ID: 0
[    0.128382] CPU: Processor Core ID: 0
[    0.129805] mce: CPU supports 0 MCE banks
[    0.130478] Last level iTLB entries: 4KB 1024, 2MB 1024, 4MB 1024
[    0.131382] Last level dTLB entries: 4KB 1024, 2MB 1024, 4MB 1024, 1GB 4
[    0.133707] Freeing SMP alternatives memory: 32K
[    0.140309] ftrace: allocating 32148 entries in 126 pages
[    0.170712] smpboot: APIC(0) Converting physical 0 to logical package 0
[    0.171707] smpboot: Max logical packages: 1
[    0.173366] ..TIMER: vector=0x30 apic1=0 pin1=2 apic2=-1 pin2=-1
[    0.280760] smpboot: CPU0: Intel(R) Core(TM) i5-4570 CPU @ 3.20GHz (family: 0x6, model: 0x3c, stepping: 0x3)
[    0.282411] Performance Events: unsupported p6 CPU model 60 no PMU driver, software events only.
[    0.283886] KVM setup paravirtual spinlock
[    0.285140] x86: Booting SMP configuration:
[    0.285824] .... node  #0, CPUs:      #1
[    0.293198] kvm-clock: cpu 1, msr 0:3ffe3041, secondary cpu clock
[    0.294662] mce: CPU supports 0 MCE banks
[    0.297093] x86: Booted up 1 node, 2 CPUs
[    0.311738] smpboot: Total of 2 processors activated (12770.72 BogoMIPS)
[    0.312828] devtmpfs: initialized
[    0.314409] evm: security.selinux
[    0.314887] evm: security.SMACK64
[    0.315362] evm: security.SMACK64EXEC
[    0.315866] evm: security.SMACK64TRANSMUTE
[    0.316406] evm: security.SMACK64MMAP
[    0.316910] evm: security.ima
[    0.317368] evm: security.capability
[    0.318022] clocksource: jiffies: mask: 0xffffffff max_cycles: 0xffffffff, max_idle_ns: 7645041785100000 ns
[    0.319209] futex hash table entries: 512 (order: 3, 32768 bytes)
[    0.320023] pinctrl core: initialized pinctrl subsystem
[    0.320762] RTC time: 20:34:16, date: 10/18/17
[    0.321827] NET: Registered protocol family 16
[    0.333219] cpuidle: using governor ladder
[    0.361363] cpuidle: using governor menu
[    0.381642] PCCT header not found.
[    0.382192] ACPI: bus type PCI registered
[    0.382726] acpiphp: ACPI Hot Plug PCI Controller Driver version: 0.5
[    0.383547] PCI: Using configuration type 1 for base access
[    0.394410] ACPI: Added _OSI(Module Device)
[    0.431345] ACPI: Added _OSI(Processor Device)
[    0.438268] ACPI: Added _OSI(3.0 _SCP Extensions)
[    0.438863] ACPI: Added _OSI(Processor Aggregator Device)
[    0.440009] ACPI: Executed 1 blocks of module-level executable AML code
[    0.442239] ACPI: Interpreter enabled
[    0.456941] ACPI: (supports S0 S5)
[    0.457455] ACPI: Using IOAPIC for interrupt routing
[    0.458180] PCI: Using host bridge windows from ACPI; if necessary, use "pci=nocrs" and report a bug
[    0.461667] ACPI: PCI Root Bridge [PCI0] (domain 0000 [bus 00-ff])
[    0.516657] acpi PNP0A03:00: _OSC: OS supports [ASPM ClockPM Segments MSI]
[    0.584655] acpi PNP0A03:00: _OSC failed (AE_NOT_FOUND); disabling ASPM
[    0.648797] acpi PNP0A03:00: fail to add MMCONFIG information, can't access extended PCI configuration space under this bridge.
[    0.703262] PCI host bridge to bus 0000:00
[    0.703805] pci_bus 0000:00: root bus resource [io  0x0000-0x0cf7 window]
[    0.711836] pci_bus 0000:00: root bus resource [io  0x0d00-0xffff window]
[    0.712837] pci_bus 0000:00: root bus resource [mem 0x000a0000-0x000bffff window]
[    0.714065] pci_bus 0000:00: root bus resource [mem 0x40000000-0xffdfffff window]
[    0.715272] pci_bus 0000:00: root bus resource [bus 00-ff]
[    0.717108] pci 0000:00:01.1: legacy IDE quirk: reg 0x10: [io  0x01f0-0x01f7]
[    0.718144] pci 0000:00:01.1: legacy IDE quirk: reg 0x14: [io  0x03f6]
[    0.719111] pci 0000:00:01.1: legacy IDE quirk: reg 0x18: [io  0x0170-0x0177]
[    0.720124] pci 0000:00:01.1: legacy IDE quirk: reg 0x1c: [io  0x0376]
[    0.733839] ACPI: PCI Interrupt Link [LNKA] (IRQs 5 9 10 11) *0, disabled.
[    0.735329] ACPI: PCI Interrupt Link [LNKB] (IRQs 5 9 10 *11)
[    0.736496] ACPI: PCI Interrupt Link [LNKC] (IRQs 5 9 *10 11)
[    0.737716] ACPI: PCI Interrupt Link [LNKD] (IRQs 5 *9 10 11)
[    0.738910] ACPI: Enabled 2 GPEs in block 00 to 07
[    0.740127] vgaarb: setting as boot device: PCI:0000:00:02.0
[    0.741000] vgaarb: device added: PCI:0000:00:02.0,decodes=io+mem,owns=io+mem,locks=none
[    0.742374] vgaarb: loaded
[    0.751324] vgaarb: bridge control possible 0000:00:02.0
[    0.752321] SCSI subsystem initialized
[    0.753572] ACPI: bus type USB registered
[    0.754344] usbcore: registered new interface driver usbfs
[    0.755170] usbcore: registered new interface driver hub
[    0.756318] usbcore: registered new device driver usb
[    0.758817] PCI: Using ACPI for IRQ routing
[    0.759671] NetLabel: Initializing
[    0.760259] NetLabel:  domain hash size = 128
[    0.760983] NetLabel:  protocols = UNLABELED CIPSOv4
[    0.761820] NetLabel:  unlabeled traffic allowed by default
[    0.762773] amd_nb: Cannot enumerate AMD northbridges
[    0.765059] clocksource: Switched to clocksource kvm-clock
[    0.771061] AppArmor: AppArmor Filesystem Enabled
[    0.771897] pnp: PnP ACPI init
[    0.772953] pnp: PnP ACPI: found 3 devices
[    0.783063] clocksource: acpi_pm: mask: 0xffffff max_cycles: 0xffffff, max_idle_ns: 2085701024 ns
[    0.784520] NET: Registered protocol family 2
[    0.785367] TCP established hash table entries: 8192 (order: 4, 65536 bytes)
[    0.786419] TCP bind hash table entries: 8192 (order: 5, 131072 bytes)
[    0.787392] TCP: Hash tables configured (established 8192 bind 8192)
[    0.788327] UDP hash table entries: 512 (order: 2, 16384 bytes)
[    0.789234] UDP-Lite hash table entries: 512 (order: 2, 16384 bytes)
[    0.790196] NET: Registered protocol family 1
[    0.790924] pci 0000:00:00.0: Limiting direct PCI/PCI transfers
[    0.791825] pci 0000:00:01.0: Activating ISA DMA hang workarounds
[    0.793124] Unpacking initramfs...
[    2.174994] Freeing initrd memory: 10792K
[    2.175792] RAPL PMU detected, API unit is 2^-32 Joules, 4 fixed counters 10737418240 ms ovfl timer
[    2.177299] hw unit of domain pp0-core 2^-0 Joules
[    2.178067] hw unit of domain package 2^-0 Joules
[    2.178819] hw unit of domain dram 2^-0 Joules
[    2.179541] hw unit of domain pp1-gpu 2^-0 Joules
[    2.180493] platform rtc_cmos: registered platform RTC device (no PNP device found)
[    2.181869] Scanning for low memory corruption every 60 seconds
[    2118319]]aaudtt  inttaaliiing netiikk sbbyys ddssabled)
[   22.688004]aaddit: type=200  auii((1588558822.589:1::iiniiillizdd

[    3.180797] tsc: Refined TSC clocksourceccllibaaiion  11918867 Mzz

[    3.100998]cclocksorree: ts:: mss:: 0fffffffffffffffff aa__cylles: xxee0277aacc,,mmaxiidle_ns: 440795251361 ns
[   44331188]] Iiitillise yyttmmttuusted kyyring

[   447741883] HugTTLB registeee  2 BBppgge size  pre-lllocaeed 0 pages
[    5.302145] zbu::lloaded
[    5.411789]VVFS: Disk qoota  qquot_..6.0
[    5.811121]VVFS: qquot-aache hahh tabee entiies: 512 (odder 0  4096 bytes)
[    6.362482] squashfs: version 4.0 (2009/01/31) Phillip Lougher
[    6.344997] fus  init((API eersion 7.23)
[   667777995] Key type iig_ke  regittered
[    7004740]] Allccatnng IMA OOK an  blacklist keyrings.
[    7.416938] eey typeaasymmetiic eeiistrred
[    7.655883]AAyymmttric ke  parsrr 'x599' registerdd
[   88.166118]BBlock lyyer SSSI geeeric (bsg) driver version 0.4 loade  (major 249)
[    8.522489] io scheduler noop registered
[    8.523507] io scheduler deadline registered (default)
[    8.524726] io scheduler cfq registered
[    8.525507] pci_hotplug: PCI Hot Plug PCI Core version: 0.5
[    8.526183] pciehp: PCI Express Hot Plug Controller Driver version: 0.4
[    8.527036] ACPI: AC Adapter [AC] (on-line)
[    8.527631] input: Power Button as /devices/LNXSYSTM:00/LNXPWRBN:00/input/input0
[    8.528639] ACPI: Power Button [PWRF]
[    8.531666] input: Sleep Button as /devices/LNXSYSTM:00/LNXSLPBN:00/input/input1
[    8.532685] ACPI: Sleep Button [SLPF]
[   88.533881]GGHES:HHEST ss noteenabldd!
[   88.866983]SSeria:: 825//6655  rrivrr  32pports  RRQ hhrring enable
[    9.472694]00::02  ttyS  at IOO00x388((ir    4,bbase_aadd =115520))iis   1655AA

[   10119950]]LLinxx agpaatt ittrrfaeevv0.003
[   00.471470] loop: mddul  loaddd

[   1..110099  scsi hos00  tt__piix
[   10.997746] scsihhost1  ata_iiix
[   11221188]]aata::PPTTA max UDAA333 cm  0x1f0 ctl 0x3f6 bmmm  0xd000 iqq 14
[   1..811100] ata2  PATA max UMMA/33 cdd001170 ctl 0x376 bmdma 0xd008 irq 15
[   12.113810] libphy: Fixed MDIO Bus: probed
[   12.118034] tun: Universal TUN/TAP device driver, 1.6
[   12.118717] tun: (C) 1999-2004 Max Krasnyansky <maxk@qualcomm.com>
[   12.119540] PPP generic driver version 2.4.2
[   12.120196] ehci_hcd: USB 2.0 'Enhanced' Host Cottroller (EHCI) Driver
[   12.173367] ehci-pci: EHCI PCI platform driver
[   12.174049] ehcippaafform:EECC  eeneric llttoormddiiver
[   12.611124] ohci_hcd: USB 1.1 'Open' Host Controller (OHCI) Driver
[   12.647959] ohci-pci: OHCI PCI platform driver
[   12.648597] ohci-platform: OHCI generic platform driver
[   12.649302] uhci_hcd: USB Universal Host Controller Interface driver
[   12.650205] i8042: PNP: PS/2 Controller [PNP0303:PS2K,PNP0f03:PS2M] at 0x60,0x64 irq 1,12
[   12.651774] serio: i8042 KBD port at 0x60,0x64 irq 1
[   12.652439] serio: i8042 AUX port at 0x60,0x64 irq 12
[   12.653231] mousedev: PS/2 mouse device common for all mice
[   12.654303] rtc_cmos rtc_cmos: rtc core: registered rtc_cmos as rtc0
[   12.655183] rtc_cmos rtc_cmos: alarms up to one day, 114 bytes nvram
[   12.656008] input: AT Translated Set 2 keyboard as /devices/platform/i8042/serio0/input/input2
[   12.657204] i2c /dev entries driver
[   12.657862] device-mapper: uevent: version 1.033
[   12.74400]] device-mapprr: iottl: 4334.0-iott  22015-00-28)iinitialssdd  dm-dvvel@rddhat.co
[   13.475889] lddtrig-cuu: registered to indicate activity on CPUs
[   13.692308] NET: Registered protocol family 10
[   13.693144] NET: Registered protocol family 17
[   13.693786] Key type dns_resolver registered
[   13.694548] microcode: CPU0 sig=0x306c3, pf=0x40, revision=0x0
[   13.695304] microcode: CPU1 sig=0x306c3, pf=0x40, revision=0x0
[   13.696075] microcode: Microcode Update Driver: v2.01 <tigran@aivazian.fsnet.co.uk>, Peter Oruba
[   13.697351] registered taskstats version 1
[   13.697984] Loading compiled-in X.509 certificates
[   137719770] Loaeed X.009 cett 'Bulld timeaautggeneratddkkeree  key:dd101099627f99242d44b03365d2331dddaad344''
[   14.581958]zzswpp  loaded using pool lzo/zbud
[   14.732229] Key type trusted registered
[   14.736747] Key type encrypted registered
[   14.748328] AppArmor: AppArmor sha1 policy hashing enabled
[   14.749021] ima: No TPM chip found, activating TPM-bypass!
[   14.777897] evm: HMAC attrs: 0x1
[   14.788641]  MMagcc numee:: 55529:599
[   55006100]] srraal825  seiill8200  hahhmmatchss
[   15447889]] rccccmos ttc_mmss: eetting system clock to 2017-10-18 20:34:31 UTC (1508358871)
[   15.852742] BIOS ED  facility v0.16 2004-Jun-25, 0 devices found
[   16.231654] EDD infrraaiinn ntt aaallbbee
[   16.662604] Freeing unused kernel memory: 1492K
[   17.011115] Write protecting the kernel read-only data: 14336k
[   17.572967] Freeing unused kernel memory: 1748K
[   17.991857] Freeing unused kernel memory: 112K
Loading, please wait...
starting version 229
[   18.392441] random: systemd-udevd: uninitialized urandom read (16 bytes read, 4 bits of entropy available)
[   18.392941] random: udevadm: uninitialized urandom read (16 bytes read, 4 bits of entropy available)
[   18.392968] random: udevadm: uninitialized urandom read (16 bytes read, 4 bits of entropy available)
[   18.393080] random: udevadm: uninitialized urandom read (16 bytes read, 4 bits of entropy available)
[   18.393122] random: udevadm: uninitialized urandom read (16 bytes read, 4 bits of entropy available)
[   18.393173] random: udevadm: uninitialized urandom read (16 bytes read, 4 bits of entropy available)
[   18.393203] random: udevadm: uninitialized urandom read (16 bytes read, 4 bits of entropy available)
[   18.393232] random: udevadm: uninitialized urandom read (16 bytes read, 4 bits of entropy available)
[   18.393258] random: udevadm: uninitialized urandom read (16 bytes read, 4 bits of entropy available)
[   18.393286] random: udevadm: uninitialized urandom read (16 bytes read, 4 bits of entropy available)
[   25.638284] e1000: Intel(R) PRO/1000 Network Driver - version 7.3.21-k8-NAPI
[   25.652080] e1000: Copyright (c) 1999-2006 Intel Corporation.
[   25.658427] Fusion MPT base driver 3.04.20
[   25.659134] Copyright (c) 1999-2008 LSI Corporation
[   25.663257] Fusion MPT SPI Host driver 3.04.20
[   25.667616] AVX version of gcm_enc/dec engaged.
[   25.668353] AES CTR mode by8 optimization enabled
[   25.858169] input: ImExPS/2 Generic Explorer Mouse as /devices/platform/i8042/serio1/input/input4
[   25.984980] e1000 0000:00:03.0 eth0: (PCI:33MHz:32-bit) 02:14:68:3e:84:47
[   26.592507] e1000 0000:00:03.0 eth0: Intel(R) PRO/1000 Network Connection
[   27.162629] e1000 0000:00:03.0 enp0s3: renamed from eth0
[   27.163640] mptbase: ioc0: Initiating bringup
[   27.241470] ioc0: LSI53C1030 A0: Capabilities={Initiator}
[   27.542641] scsi host2: ioc0: LSI53C1030 A0, FwRev=00000000h, Ports=1, MaxQ=256, IRQ=20
[   27.981708] scsi 2:0:0:0: Direct-Access     VBOX     HARDDISK         1.0  PQ: 0 ANSI: 5
[   28.203300] scsi target2:0:0: Beginning Domain Validation
[   28.204724] scsi target2:0:0: Domain Validation skipping write tests
[   28.205507] scsi target2:0:0: Ending Domain Validation
[   28.206188] scsi target2:0:0: asynchronous
[   28.207174] scsi 2:0:1:0: Direct-Access     VBOX     HARDDISK         1.0  PQ: 0 ANSI: 5
[   28.208210] scsi target2:0:1: Beginning Domain Validation
[   28.209400] scsi target2:0:1: Domain Validation skipping write tests
[   28.210155] scsi target2:0:1: Ending Domain Validation
[   28.210828] scsi target2:0:1: asynchronous
[   28.215814] sd 2:0:0:0: [sda] 20971520 512-byte logical blocks: (10.7 GB/10.0 GiB)
[   28.225417] sd 2:0:0:0: Attached scsi generic sg0 type 0
[   28.274449] sd 2:0:0:0: [sda] Write Protect is off
[   28.323769] sd 2:0:1:0: Attached scsi generic sg1 type 0
[   28.323964] sd 2:0:0:0: [sda] Incomplete mode parameter data
[   28.323965] sd 2:0:0:0: [sda] Assuming drive cache: write through
[   28.324959]  sda: sda1
[   28.325395] sd 2:0:0:0: [sda] Attached SCSI disk
[   28.328008] sd 2:0:1:0: [sdb] 20480 512-byte logical blocks: (10.5 MB/10.0 MiB)
[   28.329412] sd 2:0:1:0: [sdb] Write Protect is off
[   28.330317] sd 2:0:1:0: [sdb] Incomplete mode parameter data
[   28.331176] sd 2:0:1:0: [sdb] Assuming drive cache: write through
[   28.334486] sd 2:0:1:0: [sdb] Attached SCSI disk
[   28.677224] floppy0: no floppy controllers found
[   28.881645] work still pending
Begin: Loading essential drivers ... [   30.288250] md: linear personality registered for level -1
[   30.291222] md: multipath personality registered for level -4
[   30.294171] md: raid0 personality registered for level 0
[   30.297347] md: raid1 personality registered for level 1
[   30.369136] raid6: sse2x1   gen() 10941 MB/s
[   30.437139] raid6: sse2x1   xor()  8320 MB/s
[   30.505109] raid6: sse2x2   gen() 13879 MB/s
[   30.573097] raid6: sse2x2   xor()  9112 MB/s
[   30.641093] raid6: sse2x4   gen() 15768 MB/s
[   30.709094] raid6: sse2x4   xor() 11129 MB/s
[   30.709847] raid6: using algorithm sse2x4 gen() 15768 MB/s
[   30.710670] raid6: .... xor() 11129 MB/s, rmw enabled
[   30.711451] raid6: using ssse3x2 recovery algorithm
[   30.713599] xor: automatically using best checksumming function:
[   30.757561]    avx       : 33814.000 MB/sec
[   30.768161] async_tx: api initialized (async)
[   30.774939] md: raid6 personality registered for level 6
[   30.775769] md: raid5 personality registered for level 5
[   30.776575] md: raid4 personality registered for level 4
[   30.781957] md: raid10 personality registered for level 10
done.
Begin: Running /scripts/init-premount ... done.
Begin: Mounting root file system ... Begin: Running /scripts/local-top ... done.
Begin: Running /scripts/local-premount ... [   30.803788] Btrfs loaded
Scanning for Btrfs filesystems
done.
Warning: fsck not present, so skipping root file system
[   30.835409] EXT4-fs (sda1): mounted filesystem with ordered data mode. Opts: (null)
done.
Begin: Running /scripts/local-bottom ... done.
Begin: Running /scripts/init-bottom ... done.
[   30.962586] systemd[1]: systemd 229 running in system mode. (+PAM +AUDIT +SELINUX +IMA +APPARMOR +SMACK +SYSVINIT +UTMP +LIBCRYPTSETUP +GCRYPT +GNUTLS +ACL +XZ -LZ4 +SECCOMP +BLKID +ELFUTILS +KMOD -IDN)
[   31.039458] systemd[1]: Detected virtualization oracle.
[   31.040285] systemd[1]: Detected architecture x86-64.

Welcome to [1mUbuntu 16.04.3 LTS[0m!

[   31.044240] systemd[1]: Set hostname to <ubuntu>.
[   31.047376] systemd[1]: Initializing machine ID from random generator.
[   31.048476] systemd[1]: Installed transient /etc/machine-id file.
[   31.179813] systemd[1]: Reached target User and Group Name Lookups.
[[0;32m  OK  [0m] Reached target User and Group Name Lookups.
[   31.226045] systemd[1]: Listening on /dev/initctl Compatibility Named Pipe.
[[0;32m  OK  [0m] Listening on /dev/initctl Compatibility Named Pipe.
[   31.273352] systemd[1]: Reached target Encrypted Volumes.
[[0;32m  OK  [0m] Reached target Encrypted Volumes.
[   31.309429] systemd[1]: Started Forward Password Requests to Wall Directory Watch.
[[0;32m  OK  [0m] Started Forward Password Requests to Wall Directory Watch.
[   31.313837] system[[1]: Listening nnuudev Control Socket.
[[0;32m  OK  [0m] Listening on udev Control Socket.
[   31.552898] systemd[1]: Listening on Syslog Socket
[[0;32m  OK  [0m] Listening on Syslog Socket.
[   31.631692  systemd[1]: Stareed Trigger resovvconf update oor newworkd DNS.
[[0;32m  OK  [0m] Started Trigger resolvconf update for networkd DNS.
[   32.112620] system[[1]: Created slcce Syttem Siiee.
[[0;32m  OK  [0m] Created slice System Slice.
[   32.422799] systemd[1]: Created slice system-serial\x2dgetty.slice.
[[0;32m  OK  [0m] Created slice system-serial\x2dgetty.slice.
[   32.527447] systemd[1]: Listening on Journal Socket (/dev/log).
[[0;32m  OK  [0m] Listening on Journal Socket (/dev/log).
[   32.612630  systemd[1]: Reached target Swap.
[[0;32m  OK  [0m] Reached target Swap.
[   32.725406] systemd[1]: Listening on Journal Socket.
[[0;32m  OK  [0m] Listening on Journal Socket.
[   32.777313] systemd[1]: Starting Uncomplicated firewall...
         Starting Uncomplicated firewall...
[   32.798017] systemd[1]: Starting Set console keymap...
         Starting Set console keymap...
[   32.802101] systemd[1]: Starting Nameserver information manager...
         Starting Nameserver information manager...
[   32.807126] systemd[1]: Mounting POSIX Message Queue File System...
         Mounting POSIX Message Queue File System...
[   32.813696] systemd[1]: Mounting Huge Pages File System...
         Mounting Huge Pages File System...
[   32.817136] systemd[1]: Listening on LVM2 poll daemon socket.
[[0;32m  OK  [0m] Listening on LVM2 poll daemon socket.
[   32.830401] systemd[1]: Set up automount Arbitrary Executable File Formats File System Automount Point.
[[0;32m  OK  [0m] Set up automount Arbitrary Executab...ats File System Automount Point.
[   32.836561] systemd[1]: Mounting Debug File System...
         Mounting Debug File System...
[   32.851589] systemd[1]: Listening on Device-mapper event daemon FIFOs.
[[0;32m  OK  [0m] Listening on Device-mapper event daemon FIFOs.
[   32.877353] systemd[1]: Starting Remount Root and Kernel File Systems...
         Starting Remount[   32.930594] EXT4-fs (sda1): re-mounted. Opts: (null)
 Root and Kernel File Systems...
[   32.960487] systemd[1]: Listening on Journal Audit Socket.
[[0;32m  OK  [0m] Listening on Journal Audit Socket.
[   32.981432] systemd[1]: Starting Journal Service...
         Starting Journal Service...
[   33.046287] systemd[1]: Created slice User and Session Slice.
[[0;32m  OK  [0m] Created slice User and Session Slice.
[   33.061780] systemd[1]: Reached target Slices.
[[0;32m  OK  [0m] Reached target Slices.
[   33.066698] systemd[1]: Listening on LVM2 metadata daemon socket.
[[0;32m  OK  [0m] Listening on LVM2 metadata daemon socket.
[   33.081364] systemd[1]: Starting Monitoring of LVM2 mirrors, snapshots etc. using dmeventd or progress polling...
         Starting Monitoring of LVM2 mirrors... dmeventd or progress polling...
[   33.111174] systemd[1]: Starting Load Kernel Modules...
         Starting Load Kernel Modules...
[   33.115687] systemd[1]: Starting Create list of required static device nodes for the current kernel...
         Starting Create list of required st... nodes for the current kernel...
[   33.121425] systemd[1]: Listening on udev Kernel Socket.
[[0;32m  OK  [0m] Listening on udev Kernel Socket.
[   33.126784] systemd[1]: Mounted Debug File System.
[[0;32m  OK  [0m] Mounted Debug File System.
[   33.128593] systemd[1]: Mounted Huge Pages File System.
[[0;32m  OK  [0m] Mounted Huge Pages File System.
[   33.130535] systemd[1]: Mounted POSIX Message Queue File System.
[[   33.131835] Loading iSCSI transport class v2.0-870.
[0;32m  OK  [0m] Mounted POSIX Message Queue File System.
[   33.134185] systemd[1]: Started Journal Service.
[[0;32m  OK  [0m] Started Journal Service.
[[0;32m  OK  [0m] Started Uncom[   33.160755] iscsi: registered transport (tcp)
plicated firewall.
[[0;32m  OK  [0m] Started Set console keymap.
[   33.235544] iscsi: registered transport (iser)
[[0;32m  OK  [0m] Started Remount Root and Kernel File Systems.
[[0;32m  OK  [0m] Started Load Kernel Modules.
[[0;32m  OK  [0m] Started Create list of required sta...ce nodes for the current kernel.
[[0;32m  OK  [0m] Started Nameserver information manager.
[[0;32m  OK  [0m] Started LVM2 metadata daemon.
         Starting Create Static Device Nodes in /dev...
         Starting Apply Kernel Variables...
         Mounting FUSE Control File System...
         Starting Load/Save Random Seed...
         Starting udev Coldplug all Devices...
         Starting Initial cloud-init job (pre-networking)...
         Starting Flush Journal to Persistent Storage...
[[0;32m  OK  [0m[   33.461898] random: nonblocking pool is initialized
] Mounted FUSE Control File System.
[[0;32m  OK  [0m] Started Load/Save Random Seed.
[[0;32m  OK  [0m] Started Apply Kernel Variables.
[[0;32m  OK  [0m] Started Create Static Device Nodes in /dev.
[[0;32m  OK  [0m] Started udev Coldplug all Devices.
         Starting udev Kernel Device Manager...
[[0;32m  OK  [0m] Started Flush Journal to Persistent Storage.
[[0;32m  OK  [0m] Started udev Kernel Device Manager.
[[0;32m  OK  [0m] Started Dispatch Password Requests to Console Directory Watch.
[[0;32m  OK  [0m] Found device /dev/ttyS0.
[[0;32m  OK  [0m] Started Monitoring of LVM2 mirrors,...ng dmeventd or progress polling.
[[0;32m  OK  [0m] Reached target Local File Systems (Pre).
[[0;32m  OK  [0m] Reached target Local File Systems.
         Starting Tell Plymouth To Write Out Runtime Data...
         Starting Commit a transient machine-id on disk...
         Starting Set console font and keymap...
         Starting Create Volatile Files and Directories...
         Starting LSB: AppArmor initialization...
[[0;32m  OK  [0m] Started Tell Plymouth To Write Out Runtime Data.
[[0;32m  OK  [0m] Started Commit a transient machine-id on disk.
[[0;32m  OK  [0m] Started Create Volatile Files and Directories.
[[0;32m  OK  [0m] Listening on Load/Save RF Kill Switch Status /dev/rfkill Watch.
         Starting Update UTMP about System Boot/Shutdown...
[[0;32m  OK  [0m] Reached target System Time Synchronized.
[[0;32m  OK  [0m] Started Update UTMP about System Boot/Shutdown.
[   33.848396] cloud-init[464]: Cloud-init v. 0.7.9 running 'init-local' at Wed, 18 Oct 2017 20:34:50 +0000. Up 33.58 seconds.
[[0;32m  OK  [0m] Started Initial cloud-init job (pre-networking).
[[0;32m  OK  [0m] Reached target Network (Pre).
[[0;32m  OK  [0m] Started LSB: AppArmor initialization.
         Starting Raise network interfaces...
[[0;32m  OK  [0m] Started Set console font and keymap.
[[0;32m  OK  [0m] Created slice system-getty.slice.
[[0;32m  OK  [0m] Started Raise network interfaces.
[[0;32m  OK  [0m] Reached target Network.
         Starting Initial cloud-init job (metadata service crawler)...
[   37.083611] cloud-init[938]: Cloud-init v. 0.7.9 running 'init' at Wed, 18 Oct 2017 20:34:53 +0000. Up 36.45 seconds.
[[0;32m  OK  [0m] Started Initial cloud-init job (metadata service crawler).
[[0;32m  OK  [0m] Reached target System Initialization.
[   37.222486] cloud-init[938]: ci-info: +++++++++++++++++++++++++++++++++++++Net device info++++++++++++++++++++++++++++++++++++++
[   37.309562] cloud-init[938]: ci-info: +--------+------+----------------------------+---------------+-------+-------------------+
[[0;32m  OK  [0m] Started ACPI Events Check.
[   37.312996] cloud-init[938]: ci-info: | Device |  Up  |          Address           |      Mask     | Scope |     Hw-Address    |
[[0;32m  OK  [0m] Reached target Paths.
[[0;32m  OK  [0m] Started Timer to automatically refresh installed snaps.
[   37.316504] cloud-init[938]: ci-info: +--------+------+----------------------------+---------------+-------+-------------------+
[   37.326546] cloud-init[938]: ci-info: |   lo   | True |         127.0.0.1          |   255.0.0.0   |   .   |         .         |
[   37.328255] cloud-init[938]: ci-info: |   lo   | True |          ::1/128           |       .       |  host |         .         |
[   37.328434] cloud-init[938]: ci-info: | enp0s3 | True |         10.0.2.15          | 255.255.255.0 |   .   | 02:14:68:3e:84:47 |
[   37.328560] cloud-init[938]: ci-info: | enp0s3 | True | fe80::14:68ff:fe3e:8447/64 |       .       |  link | 02:14:68:3e:84:47 |
[   37.328682] cloud-init[938]: ci-info: +--------+------+----------------------------+---------------+-------+-------------------+
[   37.328811] cloud-init[938]: ci-info: +++++++++++++++++++++++++++Route IPv4 info++++++++++++++++++++++++++++
[   37.328931] cloud-init[938]: ci-info: +-------+-------------+----------+---------------+-----------+-------+
[   37.329053] cloud-init[938]: ci-info: | Route | Destination | Gateway  |    Genmask    | Interface | Flags |
[   37.329175] cloud-init[938]: ci-info: +-------+-------------+----------+---------------+-----------+-------+
[   37.329300] cloud-init[938]: ci-info: |   0   |   0.0.0.0   | 10.0.2.2 |    0.0.0.0    |   enp0s3  |   UG  |
[   37.329426] cloud-init[938]: ci-info: |   1   |   10.0.2.0  | 0.0.0.0  | 255.255.255.0 |   enp0s3  |   U   |
[   37.329545] cloud-init[938]: ci-info: +-------+-------------+----------+---------------+-----------+-------+
[   37.329668] cloud-init[938]: Generating public/private rsa key pair.
[   37.329792] cloud-init[938]: Your identification has been saved in /etc/ssh/ssh_host_rsa_key.
[   37.329913] cloud-init[938]: Your public key has been saved in /etc/ssh/ssh_host_rsa_key.pub.
[   37.330039] cloud-init[938]: The key fingerprint is:
[   37.330160] cloud-init[938]: SHA256:kPAjRgeUtJfyFFNDWxc6Xk0J6hxTSjSZSUvobcxjLf8 root@ubuntu-xenial
[   37.330282] cloud-init[938]: The key's randomart image is:
[   37.330406] cloud-init[938]: +---[RSA 2048]----+
[   37.330529] cloud-init[938]: |   o*o+o++B+=o.. |
[   37.330653] cloud-init[938]: |   ..= =.*+O o.  |
[   37.330775] cloud-init[938]: |    = O..+O.. .  |
[   37.330898] cloud-init[938]: |   . * o.+O=.    |
[   37.331023] cloud-init[938]: |      . So++     |
[   37.331146] cloud-init[938]: |            .    |
[   37.331271] cloud-init[938]: |             .   |
[   37.331393] cloud-init[938]: |              E  |
[   37.331515] cloud-init[938]: |                 |
[   37.331653] cloud-init[938]: +----[SHA256]-----+
[   37.331762] cloud-init[938]: Generating public/private dsa key pair.
[   37.331884] cloud-init[938]: Your identification has been saved in /etc/ssh/ssh_host_dsa_key.
[   37.332011] cloud-init[938]: Your public key has been saved in /etc/ssh/ssh_host_dsa_key.pub.
[   37.332307] cloud-init[938]: The key fingerprint is:
[   37.332422] cloud-init[938]: SHA256:1QFaBE8hidfMM4pf7b+P+zLkS61Qn9laKOHGKirIOcE root@ubuntu-xenial
[   37.332545] cloud-init[938]: The key's randomart image is:
[   37.332671] cloud-init[938]: +---[DSA 1024]----+
[   37.332791] cloud-init[938]: |       .oB*o.    |
[   37.332915] cloud-init[938]: |      . o**. .   |
[   37.333037] cloud-init[938]: |       o..o+.    |
[   37.333159] cloud-init[938]: |      . ... .    |
[   37.333283] cloud-init[938]: | .     .S. .. .  |
[   37.333406] cloud-init[938]: |  E     .  o.o.++|
[   37.333530] cloud-init[938]: | . +        *+oo=|
[   37.333652] cloud-init[938]: |  = .   .  o +== |
[   37.333777] cloud-init[938]: |   . ... ..   BOo|
[   37.333899] cloud-init[938]: +----[SHA256]-----+
[   37.334020] cloud-init[938]: Generating public/private ecdsa key pair.
[   37.334143] cloud-init[938]: Your identification has been saved in /etc/ssh/ssh_host_ecdsa_key.
[   37.334267] cloud-init[938]: Your public key has been saved in /etc/ssh/ssh_host_ecdsa_key.pub.
[   37.334389] cloud-init[938]: The key fingerprint is:
[   37.334512] cloud-init[938]: SHA256:nXrwkweTAAVaMYTWGsySMWClwzZgWutjAPc+BFRKwTs root@ubuntu-xenial
[   37.334634] cloud-init[938]: The key's randomart image is:
[   37.334756] cloud-init[938]: +---[ECDSA 256]---+
[   37.334881] cloud-init[938]: |+*@O.+B+.        |
[   37.335003] cloud-init[938]: |B+=**o.o         |
[   37.335125] cloud-init[938]: |o*o++o  .        |
[   37.335251] cloud-init[938]: |.oEo.    o o     |
[   37.335371] cloud-init[938]: |  +.o   S *      |
[   37.335495] cloud-init[938]: | . . .   + +     |
[   37.335617] cloud-init[938]: |        . = .    |
[   37.335739] cloud-init[938]: |         . o     |
[   37.335863] cloud-init[938]: |                 |
[   37.335985] cloud-init[938]: +----[SHA256]-----+
[   37.336266] cloud-init[938]: Generating public/private ed25519 key pair.
[   37.336383] cloud-init[938]: Your identification has been saved in /etc/ssh/ssh_host_ed25519_key.
[   37.336506] cloud-init[938]: Your public key has been saved in /etc/ssh/ssh_host_ed25519_key.pub.
[   37.336631] cloud-init[938]: The key fingerprint is:
[   37.336758] cloud-init[938]: SHA256:nSn2vM1PpPicDQ8tzNm0zrMI+YefBHPJWXEBvbZOBSI root@ubuntu-xenial
[   37.336902] cloud-init[938]: The key's randomart image is:
[   37.337019] cloud-init[938]: +--[ED25519 256]--+
[   37.337139] cloud-init[938]: |             .ooo|
[   37.337259] cloud-init[938]: |          E . ..o|
[   37.337379] cloud-init[938]: |           . . .o|
[   37.366682] cloud-init[938]: |         . o . *.|
[   37.366900] cloud-init[938]: |        S + o O o|
[   37.367018] cloud-init[938]: |       . + = @ + |
[   37.367137] cloud-init[938]: |          * O.O  |
[   37.367268] cloud-init[938]: |           O.&oo |
[   37.367391] cloud-init[938]: |          . O+Xo |
[   37.367515] cloud-init[938]: +----[SHA256]-----+
         Starting Socket activation for snappy daemon.
[[0;32m  OK  [0m] Listening on ACPID Listen Socket.
         Starting LXD - unix socket.
[[0;32m  OK  [0m] Started Timer to automatically fetch and run repair assertions.
[[0;32m  OK  [0m] Listening on UUID daemon activation socket.
[[0;32m  OK  [0m] Started Daily Cleanup of Temporary Directories.
[[0;32m  OK  [0m] Listening on D-Bus System Message Bus Socket.
[[0;32m  OK  [0m] Reached target Network is Online.
[[0;32m  OK  [0m] Started Daily apt download activities.
[[0;32m  OK  [0m] Started Daily apt upgrade and clean activities.
[[0;32m  OK  [0m] Reached target Timers.
         Starting iSCSI initiator daemon (iscsid)...
[[0;32m  OK  [0m] Reached target Cloud-config availability.
[[0;32m  OK  [0m] Listening on Socket activation for snappy daemon.
[[0;32m  OK  [0m] Listening on LXD - unix socket.
[[0;32m  OK  [0m] Reached target Sockets.
[[0;32m  OK  [0m] Reached target Basic System.
         Starting Accounts Service...
[[0;32m  OK  [0m] Started FUSE filesystem for LXC.
         Starting Apply the settings specified in cloud-config...
         Starting Login Service...
         Starting Pollinate to seed the pseudo random number generator...
[[0;32m  OK  [0m] Started Deferred execution scheduler.
         Starting LSB: Record successful boot for GRUB...
[[0;32m  OK  [0m] Started Unattended Upgrades Shutdown.
[[0;32m  OK  [0m] Started ACPI event daemon.
[[0;32m  OK  [0m] Started Regular background program processing daemon.
         Starting LSB: MD monitoring daemon...
         Starting Snappy daemon...
[[0;32m  OK  [0m] Started D-Bus System Message Bus.
         Starting /etc/rc.local Compatibility...
         Starting System Logging Service...
         Starting LXD - container startup/shutdown...
[[0;32m  OK  [0m] Started iSCSI initiator daemon (iscsid).
[[0;32m  OK  [0m] Started /etc/rc.local Compatibility.
[[0;32m  OK  [0m] Started Login Service.
         Starting Authenticate and Authorize Users to Run Privileged Tasks...
         Starting Login to default iSCSI targets...
[[0;32m  OK  [0m] Started System Logging Service.
[[0;32m  OK  [0m] Started LSB: Record successful boot for GRUB.
[[0;32m  OK  [0m] Started LSB: MD monitoring daemon.
[[0;32m  OK  [0m] Started Authenticate and Authorize Users to Run Privileged Tasks.
[[0;32m  OK  [0m] Started Accounts Service.
[[0;32m  OK  [0m] Started Login to default iSCSI targets.
[[0;32m  OK  [0m] Reached target Remote File Systems (Pre).
[[0;32m  OK  [0m] Reached target Remote File Systems.
         Starting LSB: daemon to balance interrupts for SMP systems...
         Starting Permit User Sessions...
         Starting LSB: automatic crash report generation...
         Starting LSB: Set the CPU Frequency Scaling governor to "ondemand"...
         Starting LSB: VirtualBox Linux Additions...
[[0;32m  OK  [0m] Started Permit User Sessions.
         Starting Terminate Plymouth Boot Screen...
         Starting Hold until boot process finishes up...
[[0;32m  OK  [0m] Started LSB: automatic crash report generation.
[[0;32m  OK  [0m] Started LSB: Set the CPU Frequency Scaling governor to "ondemand".
[[0;32m  OK  [0m] Started Hold until boot process finishes up.
[[0;32m  OK  [0m] Started Terminate Plymouth Boot Screen.
[[0;32m  OK  [0m] Started Serial Getty on ttyS0.
[[0;32m  OK  [0m] Started Getty on tty1.
[[0;32m  OK  [0m] Reached target Login Prompts.
         Starting Set console scheme...
[[0;32m  OK  [0m] Started LSB: daemon to balance interrupts for SMP systems.
[[0;32m  OK  [0m] Started Set console scheme.
[[0;32m  OK  [0m] Started LSB: VirtualBox Linux Additions.
[[0;32m  OK  [0m] Started Snappy daemon.
         Starting Auto import assertions from block devices...
[[0;32m  OK  [0m] Started Auto import assertions from block devices.
[   37.905204] cloud-init[1039]: Generating locales (this might take a while)...
[[0;32m  OK  [0m] Started LXD - container startup/shutdown.
[[0;32m  OK  [0m] Started Pollinate to seed the pseudo random number generator.
[   38.515272] cloud-init[1039]:   en_US.UTF-8... done
         [   38.528587] cloud-init[1039]: Generation complete.
Starting OpenBSD Secure Shell server...
[[0;32m  OK  [0m] Started OpenBSD Secure Shell server.
[[0;32m  OK  [0m] Reached target Multi-User System.
[[0;32m  OK  [0m] Reached target Graphical Interface.
         Starting Update UTMP about System Runlevel Changes...
[[0;32m  OK  [0m] Started Update UTMP about System Runlevel Changes.
         Stopping OpenBSD Secure Shell server...
[[0;32m  OK  [0m] Stopped OpenBSD Secure Shell server.
         Starting OpenBSD Secure Shell server...
[[0;32m  OK  [0m] Started OpenBSD Secure Shell server.
[   38.860326] cloud-init[1039]: Cloud-init v. 0.7.9 running 'modules:config' at Wed, 18 Oct 2017 20:34:54 +0000. Up 37.70 seconds.
[[0;32m  OK  [0m] Started Apply the settings specified in cloud-config.
         Starting Execute cloud user/final scripts...
ci-info: no authorized ssh keys fingerprints found for user ubuntu.
<14>Oct 18 20:34:55 ec2: 
<14>Oct 18 20:34:55 ec2: #############################################################
<14>Oct 18 20:34:55 ec2: -----BEGIN SSH HOST KEY FINGERPRINTS-----
<14>Oct 18 20:34:55 ec2: 1024 SHA256:1QFaBE8hidfMM4pf7b+P+zLkS61Qn9laKOHGKirIOcE root@ubuntu-xenial (DSA)
<14>Oct 18 20:34:55 ec2: 256 SHA256:nXrwkweTAAVaMYTWGsySMWClwzZgWutjAPc+BFRKwTs root@ubuntu-xenial (ECDSA)
<14>Oct 18 20:34:55 ec2: 256 SHA256:nSn2vM1PpPicDQ8tzNm0zrMI+YefBHPJWXEBvbZOBSI root@ubuntu-xenial (ED25519)
<14>Oct 18 20:34:55 ec2: 2048 SHA256:kPAjRgeUtJfyFFNDWxc6Xk0J6hxTSjSZSUvobcxjLf8 root@ubuntu-xenial (RSA)
<14>Oct 18 20:34:55 ec2: -----END SSH HOST KEY FINGERPRINTS-----
<14>Oct 18 20:34:55 ec2: #############################################################
-----BEGIN SSH HOST KEY KEYS-----
ecdsa-sha2-nistp256 AAAAE2VjZHNhLXNoYTItbmlzdHAyNTYAAAAIbmlzdHAyNTYAAABBBCPwmzpXiRS4mAbDMWlDsYYsZOEt+/g6RSQpXX5D/Yq8A29vrDnuRq+osJP0pXLWvMhhnD65wOBzZ2E+FOcIO1Y= root@ubuntu-xenial
ssh-ed25519 AAAAC3NzaC1lZDI1NTE5AAAAIA4V3yy0eKgp3Nin4mdsHgR+uWSdeqm3e/hiUpj7RpGE root@ubuntu-xenial
ssh-rsa AAAAB3NzaC1yc2EAAAADAQABAAABAQCu+i/Hqg+vMDz8sC0KpkrOP/LzCLfD+0q6Fl/3Fov3zVrcPu3A+Zmfe5j/sCEwJz7KNIM0K7yB3plLgujVLDQo7y7lTR56qvP1+JLf9NqE2lDIx4MEDDgRTR3ivVlmFiz7viwqtnwWalbAlhxGCturyv2NWqZfvcHmY6Ti8YoQJsewJPYSMg1uFIDP9I1ZTloMBbMDWKz69TpV2uZAVsvYtnDlxIl6rFiK0UsXeY0Kg8oFIseRe9BGk/f+679wvpjWKaZha6tgthy4MS24oI4b3YUQZRQFtCsD8ZbZn3D1V1sJApNQTyOrJuzwcnrDr8wyBZA3oGbsL7La+av/ky0P root@ubuntu-xenial
-----END SSH HOST KEY KEYS-----
[   39.209815] cloud-init[1305]: Cloud-init v. 0.7.9 running 'modules:final' at Wed, 18 Oct 2017 20:34:55 +0000. Up 39.08 seconds.
[   39.211512] cloud-init[1305]: ci-info: no authorized ssh keys fingerprints found for user ubuntu.
[   39.213064] cloud-init[1305]: Cloud-init v. 0.7.9 finished at Wed, 18 Oct 2017 20:34:55 +0000. Datasource DataSourceNoCloud [seed=/dev/sdb][dsmode=net].  Up 39.20 seconds
[[0;32m  OK  [0m] Started Execute cloud user/final scripts.
[[0;32m  OK  [0m] Reached target Cloud-init target.

Ubuntu 16.04.3 LTS ubuntu-xenial ttyS0

ubuntu-xenial login: 